c:\users\vredinka\source\repos\tutorialdx\tutorialdx\debug\vc141.pdb
c:\users\vredinka\source\repos\tutorialdx\tutorialdx\debug\vc141.idb
c:\users\vredinka\source\repos\tutorialdx\tutorialdx\debug\source.obj
c:\users\vredinka\documents\dx11enginetutor\tutorialdx\debug\vc141.pdb
c:\users\vredinka\documents\dx11enginetutor\tutorialdx\debug\vc141.idb
c:\users\vredinka\documents\dx11enginetutor\tutorialdx\debug\windowcontainer.obj
c:\users\vredinka\documents\dx11enginetutor\tutorialdx\debug\stringconverter.obj
c:\users\vredinka\documents\dx11enginetutor\tutorialdx\debug\source.obj
c:\users\vredinka\documents\dx11enginetutor\tutorialdx\debug\shaders.obj
c:\users\vredinka\documents\dx11enginetutor\tutorialdx\debug\renderwindow.obj
c:\users\vredinka\documents\dx11enginetutor\tutorialdx\debug\mouseevent.obj
c:\users\vredinka\documents\dx11enginetutor\tutorialdx\debug\mouseclass.obj
c:\users\vredinka\documents\dx11enginetutor\tutorialdx\debug\keyboardevent.obj
c:\users\vredinka\documents\dx11enginetutor\tutorialdx\debug\keyboardclass.obj
c:\users\vredinka\documents\dx11enginetutor\tutorialdx\debug\graphics.obj
c:\users\vredinka\documents\dx11enginetutor\tutorialdx\debug\errorlogger.obj
c:\users\vredinka\documents\dx11enginetutor\tutorialdx\debug\engine.obj
c:\users\vredinka\documents\dx11enginetutor\tutorialdx\debug\adaptorreader.obj
c:\users\vredinka\documents\dx11enginetutor\tutorialdx\debug\camera.obj
c:\users\vredinka\documents\dx11enginetutor\tutorialdx\debug\timer.obj
c:\users\vredinka\documents\dx11enginetutor\tutorialdx\debug\imgui_widgets.obj
c:\users\vredinka\documents\dx11enginetutor\tutorialdx\debug\imgui_tables.obj
c:\users\vredinka\documents\dx11enginetutor\tutorialdx\debug\imgui_impl_win32.obj
c:\users\vredinka\documents\dx11enginetutor\tutorialdx\debug\imgui_impl_dx11.obj
c:\users\vredinka\documents\dx11enginetutor\tutorialdx\debug\imgui_draw.obj
c:\users\vredinka\documents\dx11enginetutor\tutorialdx\debug\imgui.obj
c:\users\vredinka\documents\dx11enginetutor\debug\pixelshader.cso
c:\users\vredinka\documents\dx11enginetutor\debug\vertexshader.cso
c:\users\vredinka\source\repos\tutorialdx\debug\tutorialdx.ilk
c:\users\vredinka\source\repos\tutorialdx\debug\tutorialdx.exe
c:\users\vredinka\source\repos\tutorialdx\debug\tutorialdx.pdb
c:\users\vredinka\documents\dx11enginetutor\debug\tutorialdx.exe
c:\users\vredinka\documents\dx11enginetutor\debug\tutorialdx.ilk
c:\users\vredinka\documents\dx11enginetutor\debug\tutorialdx.pdb
c:\users\vredinka\documents\dx11enginetutor\tutorialdx\debug\tutorialdx.tlog\cl.command.1.tlog
c:\users\vredinka\documents\dx11enginetutor\tutorialdx\debug\tutorialdx.tlog\cl.read.1.tlog
c:\users\vredinka\documents\dx11enginetutor\tutorialdx\debug\tutorialdx.tlog\cl.write.1.tlog
c:\users\vredinka\documents\dx11enginetutor\tutorialdx\debug\tutorialdx.tlog\fxc.command.1.tlog
c:\users\vredinka\documents\dx11enginetutor\tutorialdx\debug\tutorialdx.tlog\fxc.read.1.tlog
c:\users\vredinka\documents\dx11enginetutor\tutorialdx\debug\tutorialdx.tlog\fxc.write.1.tlog
c:\users\vredinka\documents\dx11enginetutor\tutorialdx\debug\tutorialdx.tlog\link.command.1.tlog
c:\users\vredinka\documents\dx11enginetutor\tutorialdx\debug\tutorialdx.tlog\link.read.1.tlog
c:\users\vredinka\documents\dx11enginetutor\tutorialdx\debug\tutorialdx.tlog\link.write.1.tlog
